0 info it worked if it ends with ok
1 verbose cli [ '/home/ubuntu/.nvm/versions/node/v7.4.0/bin/node',
1 verbose cli   '/home/ubuntu/.nvm/versions/node/v7.4.0/bin/npm',
1 verbose cli   'install',
1 verbose cli   '--save',
1 verbose cli   '@angular' ]
2 info using npm@4.1.1
3 info using node@v7.4.0
4 silly loadCurrentTree Starting
5 silly install loadCurrentTree
6 silly install readLocalPackageData
7 silly fetchPackageMetaData @angular
8 silly fetchOtherPackageData @angular
9 silly cache add args [ '@angular', null ]
10 verbose cache add spec @angular
11 silly cache add parsed spec Result {
11 silly cache add   raw: '@angular',
11 silly cache add   scope: null,
11 silly cache add   escapedName: null,
11 silly cache add   name: null,
11 silly cache add   rawSpec: '@angular',
11 silly cache add   spec: '/home/ubuntu/workspace/temp/ng4/@angular',
11 silly cache add   type: 'local' }
12 error addLocal Could not install /home/ubuntu/workspace/temp/ng4/@angular
13 silly fetchPackageMetaData Error: ENOENT: no such file or directory, open '/home/ubuntu/workspace/temp/ng4/@angular'
13 silly fetchPackageMetaData  error for @angular { Error: ENOENT: no such file or directory, open '/home/ubuntu/workspace/temp/ng4/@angular'
13 silly fetchPackageMetaData   errno: -2,
13 silly fetchPackageMetaData   code: 'ENOENT',
13 silly fetchPackageMetaData   syscall: 'open',
13 silly fetchPackageMetaData   path: '/home/ubuntu/workspace/temp/ng4/@angular' }
14 silly rollbackFailedOptional Starting
15 silly rollbackFailedOptional Finishing
16 silly runTopLevelLifecycles Finishing
17 silly install printInstalled
18 verbose stack Error: ENOENT: no such file or directory, open '/home/ubuntu/workspace/temp/ng4/@angular'
19 verbose cwd /home/ubuntu/workspace/temp/ng4
20 error Linux 4.8.8-c9
21 error argv "/home/ubuntu/.nvm/versions/node/v7.4.0/bin/node" "/home/ubuntu/.nvm/versions/node/v7.4.0/bin/npm" "install" "--save" "@angular"
22 error node v7.4.0
23 error npm  v4.1.1
24 error path /home/ubuntu/workspace/temp/ng4/@angular
25 error code ENOENT
26 error errno -2
27 error syscall open
28 error enoent ENOENT: no such file or directory, open '/home/ubuntu/workspace/temp/ng4/@angular'
29 error enoent ENOENT: no such file or directory, open '/home/ubuntu/workspace/temp/ng4/@angular'
29 error enoent This is most likely not a problem with npm itself
29 error enoent and is related to npm not being able to find a file.
30 verbose exit [ -2, true ]
